yarn add v1.22.22
[1/5] Validating package.json...
[2/5] Resolving packages...
warning @storybook/react-vite > @joshwooding/vite-plugin-react-docgen-typescript > glob@7.2.3: Glob versions prior to v9 are no longer supported
[3/5] Fetching packages...
info There appears to be trouble with your network connection. Retrying...
info There appears to be trouble with your network connection. Retrying...
[4/5] Linking dependencies...
warning " > react-infinite-calendar@2.3.1" has incorrect peer dependency "react@^15.3.0 || ^16.0.0-alpha".
warning "react-infinite-calendar > react-tiny-virtual-list@2.2.0" has incorrect peer dependency "react@15.x || 16.x".
warning "react-infinite-calendar > react-transition-group@1.2.1" has incorrect peer dependency "react@^15.0.0 || ^16.0.0".
warning "react-infinite-calendar > react-transition-group@1.2.1" has incorrect peer dependency "react-dom@^15.0.0 || ^16.0.0".
warning "react-infinite-calendar > recompose@0.22.0" has incorrect peer dependency "react@^0.14.0 || ^15.0.0".
warning " > @cypress/code-coverage@3.13.2" has unmet peer dependency "@babel/preset-env@^7.0.0".
warning " > @cypress/code-coverage@3.13.2" has unmet peer dependency "babel-loader@^8.3 || ^9".
warning "@cypress/code-coverage > @cypress/webpack-preprocessor@6.0.2" has unmet peer dependency "@babel/preset-env@^7.0.0".
warning "@cypress/code-coverage > @cypress/webpack-preprocessor@6.0.2" has unmet peer dependency "babel-loader@^8.3 || ^9".
warning Workspaces can only be enabled in private projects.
warning Workspaces can only be enabled in private projects.
error Error: EPERM: operation not permitted, unlink 'C:\Users\ABEL\Desktop\VS\ePayment-app-develop\node_modules\@esbuild\win32-x64\esbuild.exe'
info Visit https://yarnpkg.com/en/docs/cli/add for documentation about this command.
